  chacha20-poly1305.cpp
  rfc8439.cpp
  test.cpp
  firesaber.cpp
  cbd.cpp
C:\Users\d\source\repos\cpp-crypto-lib\cpp-crypto-lib\crypto\firesaber\firesaber\cbd.cpp(31,26): warning C4244: '=': conversion from 'uint64_t' to 'uint32_t', possible loss of data
  fips202.cpp
C:\Users\d\source\repos\cpp-crypto-lib\cpp-crypto-lib\crypto\firesaber\firesaber\fips202.cpp(32,12): warning C4244: '=': conversion from 'uint64_t' to 'uint8_t', possible loss of data
  kem.cpp
  pack_unpack.cpp
  poly.cpp
  poly_mul.cpp
  SABER_indcpa.cpp
  verify.cpp
C:\Users\d\source\repos\cpp-crypto-lib\cpp-crypto-lib\crypto\firesaber\firesaber\verify.cpp(23,10): warning C4244: 'return': conversion from 'uint64_t' to 'int', possible loss of data
  init.cpp
  isaac.cpp
  rand.cpp
  Generating Code...
  cpp-crypto-lib.vcxproj -> C:\Users\d\source\repos\cpp-crypto-lib\Debug\cpp-crypto-lib.exe
